000 (17208253.094.000) 2022-11-15 02:19:32 Job submitted from host: <129.93.239.166:9618?addrs=129.93.239.166-9618+[2600-900-6-1101-290-faff-feb8-f318]-9618&alias=t3.unl.edu&noUDP&sock=schedd_3341289_ea7d>
...
040 (17208253.094.000) 2022-11-15 02:28:45 Started transferring input files
	Transferring to host: <129.93.183.21:9618?addrs=129.93.183.21-9618+[2600-900-6-1102-20a-f7ff-fed2-3e0]-9618&alias=red-c7123.unl.edu&noUDP&sock=slot1_10_4067655_acbb_26241>
...
040 (17208253.094.000) 2022-11-15 02:28:45 Finished transferring input files
...
001 (17208253.094.000) 2022-11-15 02:28:46 Job executing on host: <129.93.183.21:9618?addrs=129.93.183.21-9618+[2600-900-6-1102-20a-f7ff-fed2-3e0]-9618&alias=red-c7123.unl.edu&noUDP&sock=startd_4067621_4118>
...
006 (17208253.094.000) 2022-11-15 02:28:56 Image size of job updated: 287
	287  -  MemoryUsage of job (MB)
	294404  -  ResidentSetSize of job (KB)
...
006 (17208253.094.000) 2022-11-15 02:33:57 Image size of job updated: 2347
	2347  -  MemoryUsage of job (MB)
	2403732  -  ResidentSetSize of job (KB)
...
006 (17208253.094.000) 2022-11-15 02:38:57 Image size of job updated: 2495
	2495  -  MemoryUsage of job (MB)
	2555368  -  ResidentSetSize of job (KB)
...
004 (17208253.094.000) 2022-11-15 04:25:35 Job was evicted.
	(0) CPU times
		Usr 0 00:00:00, Sys 0 00:00:00  -  Run Remote Usage
		Usr 0 00:00:00, Sys 0 00:00:00  -  Run Local Usage
	0  -  Run Bytes Sent By Job
	5215473  -  Run Bytes Received By Job
	Partitionable Resources :     Usage  Request Allocated 
	   Cpus                 :      0.00        1         1 
	   Disk (KB)            : 115508        7500    890656 
	   Memory (MB)          :   2495        4000      4000 
...
009 (17208253.094.000) 2022-11-15 04:25:35 Job was aborted.
	via condor_rm (by user ekauffma)
...
