000 (17208253.003.000) 2022-11-15 02:19:32 Job submitted from host: <129.93.239.166:9618?addrs=129.93.239.166-9618+[2600-900-6-1101-290-faff-feb8-f318]-9618&alias=t3.unl.edu&noUDP&sock=schedd_3341289_ea7d>
...
040 (17208253.003.000) 2022-11-15 02:28:39 Started transferring input files
	Transferring to host: <129.93.183.24:9618?addrs=129.93.183.24-9618+[2600-900-6-1102-20a-f7ff-fed1-fe80]-9618&alias=red-c7126.unl.edu&noUDP&sock=slot1_22_1243994_0f54_17081>
...
040 (17208253.003.000) 2022-11-15 02:28:39 Finished transferring input files
...
001 (17208253.003.000) 2022-11-15 02:28:40 Job executing on host: <129.93.183.24:9618?addrs=129.93.183.24-9618+[2600-900-6-1102-20a-f7ff-fed1-fe80]-9618&alias=red-c7126.unl.edu&noUDP&sock=startd_1243942_52e5>
...
006 (17208253.003.000) 2022-11-15 02:28:49 Image size of job updated: 190
	190  -  MemoryUsage of job (MB)
	195256  -  ResidentSetSize of job (KB)
...
006 (17208253.003.000) 2022-11-15 02:33:51 Image size of job updated: 2293
	2293  -  MemoryUsage of job (MB)
	2348860  -  ResidentSetSize of job (KB)
...
004 (17208253.003.000) 2022-11-15 04:25:32 Job was evicted.
	(0) CPU times
		Usr 0 00:00:00, Sys 0 00:00:00  -  Run Remote Usage
		Usr 0 00:00:00, Sys 0 00:00:00  -  Run Local Usage
	0  -  Run Bytes Sent By Job
	5215473  -  Run Bytes Received By Job
	Partitionable Resources :     Usage  Request Allocated 
	   Cpus                 :      0.00        1         1 
	   Disk (KB)            : 149726        7500    810916 
	   Memory (MB)          :   2293        4000      4000 
...
009 (17208253.003.000) 2022-11-15 04:25:32 Job was aborted.
	via condor_rm (by user ekauffma)
...
