000 (17208253.209.000) 2022-11-15 02:19:33 Job submitted from host: <129.93.239.166:9618?addrs=129.93.239.166-9618+[2600-900-6-1101-290-faff-feb8-f318]-9618&alias=t3.unl.edu&noUDP&sock=schedd_3341289_ea7d>
...
040 (17208253.209.000) 2022-11-15 02:28:49 Started transferring input files
	Transferring to host: <129.93.183.20:9618?addrs=129.93.183.20-9618+[2600-900-6-1102-20a-f7ff-fec8-7820]-9618&alias=red-c7122.unl.edu&noUDP&sock=slot1_2_2964816_d4ec_38647>
...
040 (17208253.209.000) 2022-11-15 02:28:49 Finished transferring input files
...
001 (17208253.209.000) 2022-11-15 02:28:50 Job executing on host: <129.93.183.20:9618?addrs=129.93.183.20-9618+[2600-900-6-1102-20a-f7ff-fec8-7820]-9618&alias=red-c7122.unl.edu&noUDP&sock=startd_2964781_be9c>
...
006 (17208253.209.000) 2022-11-15 02:29:00 Image size of job updated: 3
	3  -  MemoryUsage of job (MB)
	3740  -  ResidentSetSize of job (KB)
...
006 (17208253.209.000) 2022-11-15 02:34:00 Image size of job updated: 2524
	2524  -  MemoryUsage of job (MB)
	2584608  -  ResidentSetSize of job (KB)
...
004 (17208253.209.000) 2022-11-15 04:25:37 Job was evicted.
	(0) CPU times
		Usr 0 00:00:00, Sys 0 00:00:00  -  Run Remote Usage
		Usr 0 00:00:00, Sys 0 00:00:00  -  Run Local Usage
	0  -  Run Bytes Sent By Job
	5215473  -  Run Bytes Received By Job
	Partitionable Resources :     Usage  Request Allocated 
	   Cpus                 :      0.00        1         1 
	   Disk (KB)            : 118896        7500    882917 
	   Memory (MB)          :   2524        4000      4000 
...
009 (17208253.209.000) 2022-11-15 04:25:37 Job was aborted.
	via condor_rm (by user ekauffma)
...
