000 (17208253.054.000) 2022-11-15 02:19:32 Job submitted from host: <129.93.239.166:9618?addrs=129.93.239.166-9618+[2600-900-6-1101-290-faff-feb8-f318]-9618&alias=t3.unl.edu&noUDP&sock=schedd_3341289_ea7d>
...
040 (17208253.054.000) 2022-11-15 02:28:44 Started transferring input files
	Transferring to host: <129.93.183.20:9618?addrs=129.93.183.20-9618+[2600-900-6-1102-20a-f7ff-fec8-7820]-9618&alias=red-c7122.unl.edu&noUDP&sock=slot1_23_2964816_d4ec_38611>
...
040 (17208253.054.000) 2022-11-15 02:28:44 Finished transferring input files
...
001 (17208253.054.000) 2022-11-15 02:28:45 Job executing on host: <129.93.183.20:9618?addrs=129.93.183.20-9618+[2600-900-6-1102-20a-f7ff-fec8-7820]-9618&alias=red-c7122.unl.edu&noUDP&sock=startd_2964781_be9c>
...
006 (17208253.054.000) 2022-11-15 02:28:54 Image size of job updated: 134
	134  -  MemoryUsage of job (MB)
	137252  -  ResidentSetSize of job (KB)
...
006 (17208253.054.000) 2022-11-15 02:33:55 Image size of job updated: 2191
	2191  -  MemoryUsage of job (MB)
	2244280  -  ResidentSetSize of job (KB)
...
006 (17208253.054.000) 2022-11-15 02:38:55 Image size of job updated: 2192
	2192  -  MemoryUsage of job (MB)
	2245072  -  ResidentSetSize of job (KB)
...
006 (17208253.054.000) 2022-11-15 02:43:55 Image size of job updated: 2606
	2606  -  MemoryUsage of job (MB)
	2669292  -  ResidentSetSize of job (KB)
...
004 (17208253.054.000) 2022-11-15 04:25:35 Job was evicted.
	(0) CPU times
		Usr 0 00:00:00, Sys 0 00:00:00  -  Run Remote Usage
		Usr 0 00:00:00, Sys 0 00:00:00  -  Run Local Usage
	0  -  Run Bytes Sent By Job
	5215473  -  Run Bytes Received By Job
	Partitionable Resources :     Usage  Request Allocated 
	   Cpus                 :      0.00        1         1 
	   Disk (KB)            : 124065        7500    882917 
	   Memory (MB)          :   2606        4000      4000 
...
009 (17208253.054.000) 2022-11-15 04:25:35 Job was aborted.
	via condor_rm (by user ekauffma)
...
