000 (17208253.129.000) 2022-11-15 02:19:32 Job submitted from host: <129.93.239.166:9618?addrs=129.93.239.166-9618+[2600-900-6-1101-290-faff-feb8-f318]-9618&alias=t3.unl.edu&noUDP&sock=schedd_3341289_ea7d>
...
040 (17208253.129.000) 2022-11-15 02:28:47 Started transferring input files
	Transferring to host: <129.93.183.25:9618?addrs=129.93.183.25-9618+[2600-900-6-1102-20a-f7ff-fed1-f0b0]-9618&alias=red-c7127.unl.edu&noUDP&sock=slot1_11_31406_1e36_54189>
...
040 (17208253.129.000) 2022-11-15 02:28:47 Finished transferring input files
...
001 (17208253.129.000) 2022-11-15 02:28:48 Job executing on host: <129.93.183.25:9618?addrs=129.93.183.25-9618+[2600-900-6-1102-20a-f7ff-fed1-f0b0]-9618&alias=red-c7127.unl.edu&noUDP&sock=startd_31372_293b>
...
006 (17208253.129.000) 2022-11-15 02:28:57 Image size of job updated: 158
	158  -  MemoryUsage of job (MB)
	161836  -  ResidentSetSize of job (KB)
...
006 (17208253.129.000) 2022-11-15 02:33:58 Image size of job updated: 2709
	2709  -  MemoryUsage of job (MB)
	2774016  -  ResidentSetSize of job (KB)
...
004 (17208253.129.000) 2022-11-15 04:25:32 Job was evicted.
	(0) CPU times
		Usr 0 00:00:00, Sys 0 00:00:00  -  Run Remote Usage
		Usr 0 00:00:00, Sys 0 00:00:00  -  Run Local Usage
	0  -  Run Bytes Sent By Job
	5215473  -  Run Bytes Received By Job
	Partitionable Resources :     Usage  Request Allocated 
	   Cpus                 :      0.00        1         1 
	   Disk (KB)            : 114581        7500    811941 
	   Memory (MB)          :   2709        4000      4000 
...
009 (17208253.129.000) 2022-11-15 04:25:32 Job was aborted.
	via condor_rm (by user ekauffma)
...
