000 (17208253.099.000) 2022-11-15 02:19:32 Job submitted from host: <129.93.239.166:9618?addrs=129.93.239.166-9618+[2600-900-6-1101-290-faff-feb8-f318]-9618&alias=t3.unl.edu&noUDP&sock=schedd_3341289_ea7d>
...
040 (17208253.099.000) 2022-11-15 02:28:44 Started transferring input files
	Transferring to host: <129.93.183.22:9618?addrs=129.93.183.22-9618+[2600-900-6-1102-20a-f7ff-fec4-a3f0]-9618&alias=red-c7124.unl.edu&noUDP&sock=slot1_37_4176994_e439_73149>
...
040 (17208253.099.000) 2022-11-15 02:28:44 Finished transferring input files
...
001 (17208253.099.000) 2022-11-15 02:28:45 Job executing on host: <129.93.183.22:9618?addrs=129.93.183.22-9618+[2600-900-6-1102-20a-f7ff-fec4-a3f0]-9618&alias=red-c7124.unl.edu&noUDP&sock=startd_4176959_0726>
...
006 (17208253.099.000) 2022-11-15 02:28:55 Image size of job updated: 102
	102  -  MemoryUsage of job (MB)
	104936  -  ResidentSetSize of job (KB)
...
006 (17208253.099.000) 2022-11-15 02:33:58 Image size of job updated: 2363
	2363  -  MemoryUsage of job (MB)
	2420156  -  ResidentSetSize of job (KB)
...
006 (17208253.099.000) 2022-11-15 02:43:58 Image size of job updated: 2382
	2382  -  MemoryUsage of job (MB)
	2439572  -  ResidentSetSize of job (KB)
...
004 (17208253.099.000) 2022-11-15 04:25:37 Job was evicted.
	(0) CPU times
		Usr 0 01:48:22, Sys 0 00:02:46  -  Run Remote Usage
		Usr 0 00:00:00, Sys 0 00:00:00  -  Run Local Usage
	0  -  Run Bytes Sent By Job
	5215473  -  Run Bytes Received By Job
	Partitionable Resources :     Usage  Request Allocated 
	   Cpus                 :      0.00        1         1 
	   Disk (KB)            : 115493        7500    874250 
	   Memory (MB)          :   2382        4000      4000 
...
009 (17208253.099.000) 2022-11-15 04:25:38 Job was aborted.
	via condor_rm (by user ekauffma)
...
