000 (17208253.218.000) 2022-11-15 02:19:33 Job submitted from host: <129.93.239.166:9618?addrs=129.93.239.166-9618+[2600-900-6-1101-290-faff-feb8-f318]-9618&alias=t3.unl.edu&noUDP&sock=schedd_3341289_ea7d>
...
040 (17208253.218.000) 2022-11-15 02:28:49 Started transferring input files
	Transferring to host: <129.93.183.21:9618?addrs=129.93.183.21-9618+[2600-900-6-1102-20a-f7ff-fed2-3e0]-9618&alias=red-c7123.unl.edu&noUDP&sock=slot1_35_4067655_acbb_26269>
...
040 (17208253.218.000) 2022-11-15 02:28:49 Finished transferring input files
...
001 (17208253.218.000) 2022-11-15 02:28:50 Job executing on host: <129.93.183.21:9618?addrs=129.93.183.21-9618+[2600-900-6-1102-20a-f7ff-fed2-3e0]-9618&alias=red-c7123.unl.edu&noUDP&sock=startd_4067621_4118>
...
006 (17208253.218.000) 2022-11-15 02:28:59 Image size of job updated: 4
	4  -  MemoryUsage of job (MB)
	4120  -  ResidentSetSize of job (KB)
...
006 (17208253.218.000) 2022-11-15 02:33:59 Image size of job updated: 2302
	2302  -  MemoryUsage of job (MB)
	2357976  -  ResidentSetSize of job (KB)
...
006 (17208253.218.000) 2022-11-15 02:38:59 Image size of job updated: 2305
	2305  -  MemoryUsage of job (MB)
	2360960  -  ResidentSetSize of job (KB)
...
004 (17208253.218.000) 2022-11-15 04:25:35 Job was evicted.
	(0) CPU times
		Usr 0 00:00:00, Sys 0 00:00:00  -  Run Remote Usage
		Usr 0 00:00:00, Sys 0 00:00:00  -  Run Local Usage
	0  -  Run Bytes Sent By Job
	5215473  -  Run Bytes Received By Job
	Partitionable Resources :     Usage  Request Allocated 
	   Cpus                 :      0.00        1         1 
	   Disk (KB)            : 116233        7500    890656 
	   Memory (MB)          :   2305        4000      4000 
...
009 (17208253.218.000) 2022-11-15 04:25:35 Job was aborted.
	via condor_rm (by user ekauffma)
...
