000 (17208253.063.000) 2022-11-15 02:19:32 Job submitted from host: <129.93.239.166:9618?addrs=129.93.239.166-9618+[2600-900-6-1101-290-faff-feb8-f318]-9618&alias=t3.unl.edu&noUDP&sock=schedd_3341289_ea7d>
...
040 (17208253.063.000) 2022-11-15 02:28:44 Started transferring input files
	Transferring to host: <129.93.183.21:9618?addrs=129.93.183.21-9618+[2600-900-6-1102-20a-f7ff-fed2-3e0]-9618&alias=red-c7123.unl.edu&noUDP&sock=slot1_13_4067655_acbb_26234>
...
040 (17208253.063.000) 2022-11-15 02:28:44 Finished transferring input files
...
001 (17208253.063.000) 2022-11-15 02:28:45 Job executing on host: <129.93.183.21:9618?addrs=129.93.183.21-9618+[2600-900-6-1102-20a-f7ff-fed2-3e0]-9618&alias=red-c7123.unl.edu&noUDP&sock=startd_4067621_4118>
...
006 (17208253.063.000) 2022-11-15 02:28:54 Image size of job updated: 287
	287  -  MemoryUsage of job (MB)
	294264  -  ResidentSetSize of job (KB)
...
006 (17208253.063.000) 2022-11-15 02:33:54 Image size of job updated: 2465
	2465  -  MemoryUsage of job (MB)
	2524448  -  ResidentSetSize of job (KB)
...
004 (17208253.063.000) 2022-11-15 04:25:36 Job was evicted.
	(0) CPU times
		Usr 0 00:00:00, Sys 0 00:00:00  -  Run Remote Usage
		Usr 0 00:00:00, Sys 0 00:00:00  -  Run Local Usage
	0  -  Run Bytes Sent By Job
	5215473  -  Run Bytes Received By Job
	Partitionable Resources :     Usage  Request Allocated 
	   Cpus                 :      0.00        1         1 
	   Disk (KB)            : 113953        7500    890656 
	   Memory (MB)          :   2465        4000      4000 
...
009 (17208253.063.000) 2022-11-15 04:25:36 Job was aborted.
	via condor_rm (by user ekauffma)
...
