000 (17208253.022.000) 2022-11-15 02:19:32 Job submitted from host: <129.93.239.166:9618?addrs=129.93.239.166-9618+[2600-900-6-1101-290-faff-feb8-f318]-9618&alias=t3.unl.edu&noUDP&sock=schedd_3341289_ea7d>
...
040 (17208253.022.000) 2022-11-15 02:28:41 Started transferring input files
	Transferring to host: <129.93.183.24:9618?addrs=129.93.183.24-9618+[2600-900-6-1102-20a-f7ff-fed1-fe80]-9618&alias=red-c7126.unl.edu&noUDP&sock=slot1_29_1243994_0f54_17092>
...
040 (17208253.022.000) 2022-11-15 02:28:41 Finished transferring input files
...
001 (17208253.022.000) 2022-11-15 02:28:42 Job executing on host: <129.93.183.24:9618?addrs=129.93.183.24-9618+[2600-900-6-1102-20a-f7ff-fed1-fe80]-9618&alias=red-c7126.unl.edu&noUDP&sock=startd_1243942_52e5>
...
006 (17208253.022.000) 2022-11-15 02:28:51 Image size of job updated: 320
	320  -  MemoryUsage of job (MB)
	328200  -  ResidentSetSize of job (KB)
...
006 (17208253.022.000) 2022-11-15 02:33:52 Image size of job updated: 1987
	1987  -  MemoryUsage of job (MB)
	2035652  -  ResidentSetSize of job (KB)
...
004 (17208253.022.000) 2022-11-15 04:25:33 Job was evicted.
	(0) CPU times
		Usr 0 01:56:06, Sys 0 00:03:18  -  Run Remote Usage
		Usr 0 00:00:00, Sys 0 00:00:00  -  Run Local Usage
	0  -  Run Bytes Sent By Job
	5215473  -  Run Bytes Received By Job
	Partitionable Resources :     Usage  Request Allocated 
	   Cpus                 :      0.00        1         1 
	   Disk (KB)            : 158818        7500    810916 
	   Memory (MB)          :   1987        4000      4000 
...
009 (17208253.022.000) 2022-11-15 04:25:33 Job was aborted.
	via condor_rm (by user ekauffma)
...
