000 (17208253.100.000) 2022-11-15 02:19:32 Job submitted from host: <129.93.239.166:9618?addrs=129.93.239.166-9618+[2600-900-6-1101-290-faff-feb8-f318]-9618&alias=t3.unl.edu&noUDP&sock=schedd_3341289_ea7d>
...
040 (17208253.100.000) 2022-11-15 02:28:44 Started transferring input files
	Transferring to host: <129.93.183.20:9618?addrs=129.93.183.20-9618+[2600-900-6-1102-20a-f7ff-fec8-7820]-9618&alias=red-c7122.unl.edu&noUDP&sock=slot1_40_2964816_d4ec_38613>
...
040 (17208253.100.000) 2022-11-15 02:28:45 Finished transferring input files
...
001 (17208253.100.000) 2022-11-15 02:28:46 Job executing on host: <129.93.183.20:9618?addrs=129.93.183.20-9618+[2600-900-6-1102-20a-f7ff-fec8-7820]-9618&alias=red-c7122.unl.edu&noUDP&sock=startd_2964781_be9c>
...
006 (17208253.100.000) 2022-11-15 02:28:55 Image size of job updated: 239
	239  -  MemoryUsage of job (MB)
	245028  -  ResidentSetSize of job (KB)
...
006 (17208253.100.000) 2022-11-15 02:33:56 Image size of job updated: 2015
	2015  -  MemoryUsage of job (MB)
	2063788  -  ResidentSetSize of job (KB)
...
006 (17208253.100.000) 2022-11-15 02:38:58 Image size of job updated: 2154
	2154  -  MemoryUsage of job (MB)
	2206676  -  ResidentSetSize of job (KB)
...
004 (17208253.100.000) 2022-11-15 04:25:36 Job was evicted.
	(0) CPU times
		Usr 0 00:00:00, Sys 0 00:00:00  -  Run Remote Usage
		Usr 0 00:00:00, Sys 0 00:00:00  -  Run Local Usage
	0  -  Run Bytes Sent By Job
	5215473  -  Run Bytes Received By Job
	Partitionable Resources :     Usage  Request Allocated 
	   Cpus                 :      0.00        1         1 
	   Disk (KB)            : 122204        7500    882917 
	   Memory (MB)          :   2154        4000      4000 
...
009 (17208253.100.000) 2022-11-15 04:25:36 Job was aborted.
	via condor_rm (by user ekauffma)
...
