000 (17208253.079.000) 2022-11-15 02:19:32 Job submitted from host: <129.93.239.166:9618?addrs=129.93.239.166-9618+[2600-900-6-1101-290-faff-feb8-f318]-9618&alias=t3.unl.edu&noUDP&sock=schedd_3341289_ea7d>
...
040 (17208253.079.000) 2022-11-15 02:28:46 Started transferring input files
	Transferring to host: <129.93.183.25:9618?addrs=129.93.183.25-9618+[2600-900-6-1102-20a-f7ff-fed1-f0b0]-9618&alias=red-c7127.unl.edu&noUDP&sock=slot1_32_31406_1e36_54183>
...
040 (17208253.079.000) 2022-11-15 02:28:46 Finished transferring input files
...
001 (17208253.079.000) 2022-11-15 02:28:47 Job executing on host: <129.93.183.25:9618?addrs=129.93.183.25-9618+[2600-900-6-1102-20a-f7ff-fed1-f0b0]-9618&alias=red-c7127.unl.edu&noUDP&sock=startd_31372_293b>
...
006 (17208253.079.000) 2022-11-15 02:28:57 Image size of job updated: 40
	40  -  MemoryUsage of job (MB)
	41452  -  ResidentSetSize of job (KB)
...
006 (17208253.079.000) 2022-11-15 02:33:58 Image size of job updated: 2586
	2586  -  MemoryUsage of job (MB)
	2649052  -  ResidentSetSize of job (KB)
...
006 (17208253.079.000) 2022-11-15 02:38:59 Image size of job updated: 2710
	2710  -  MemoryUsage of job (MB)
	2775204  -  ResidentSetSize of job (KB)
...
004 (17208253.079.000) 2022-11-15 04:25:36 Job was evicted.
	(0) CPU times
		Usr 0 00:00:00, Sys 0 00:00:00  -  Run Remote Usage
		Usr 0 00:00:00, Sys 0 00:00:00  -  Run Local Usage
	0  -  Run Bytes Sent By Job
	5215473  -  Run Bytes Received By Job
	Partitionable Resources :     Usage  Request Allocated 
	   Cpus                 :      0.01        1         1 
	   Disk (KB)            : 114640        7500    811941 
	   Memory (MB)          :   2710        4000      4000 
...
009 (17208253.079.000) 2022-11-15 04:25:36 Job was aborted.
	via condor_rm (by user ekauffma)
...
