000 (17208253.178.000) 2022-11-15 02:19:32 Job submitted from host: <129.93.239.166:9618?addrs=129.93.239.166-9618+[2600-900-6-1101-290-faff-feb8-f318]-9618&alias=t3.unl.edu&noUDP&sock=schedd_3341289_ea7d>
...
040 (17208253.178.000) 2022-11-15 02:28:48 Started transferring input files
	Transferring to host: <129.93.183.22:9618?addrs=129.93.183.22-9618+[2600-900-6-1102-20a-f7ff-fec4-a3f0]-9618&alias=red-c7124.unl.edu&noUDP&sock=slot1_44_4176994_e439_73174>
...
040 (17208253.178.000) 2022-11-15 02:28:48 Finished transferring input files
...
001 (17208253.178.000) 2022-11-15 02:28:49 Job executing on host: <129.93.183.22:9618?addrs=129.93.183.22-9618+[2600-900-6-1102-20a-f7ff-fec4-a3f0]-9618&alias=red-c7124.unl.edu&noUDP&sock=startd_4176959_0726>
...
006 (17208253.178.000) 2022-11-15 02:28:59 Image size of job updated: 130
	130  -  MemoryUsage of job (MB)
	133948  -  ResidentSetSize of job (KB)
...
006 (17208253.178.000) 2022-11-15 02:34:00 Image size of job updated: 2277
	2277  -  MemoryUsage of job (MB)
	2332608  -  ResidentSetSize of job (KB)
...
006 (17208253.178.000) 2022-11-15 02:39:02 Image size of job updated: 2302
	2302  -  MemoryUsage of job (MB)
	2357848  -  ResidentSetSize of job (KB)
...
004 (17208253.178.000) 2022-11-15 04:25:37 Job was evicted.
	(0) CPU times
		Usr 0 00:00:00, Sys 0 00:00:00  -  Run Remote Usage
		Usr 0 00:00:00, Sys 0 00:00:00  -  Run Local Usage
	0  -  Run Bytes Sent By Job
	5215473  -  Run Bytes Received By Job
	Partitionable Resources :     Usage  Request Allocated 
	   Cpus                 :      0.00        1         1 
	   Disk (KB)            : 115718        7500    874250 
	   Memory (MB)          :   2302        4000      4000 
...
009 (17208253.178.000) 2022-11-15 04:25:37 Job was aborted.
	via condor_rm (by user ekauffma)
...
