000 (17208253.165.000) 2022-11-15 02:19:32 Job submitted from host: <129.93.239.166:9618?addrs=129.93.239.166-9618+[2600-900-6-1101-290-faff-feb8-f318]-9618&alias=t3.unl.edu&noUDP&sock=schedd_3341289_ea7d>
...
040 (17208253.165.000) 2022-11-15 02:28:47 Started transferring input files
	Transferring to host: <129.93.183.21:9618?addrs=129.93.183.21-9618+[2600-900-6-1102-20a-f7ff-fed2-3e0]-9618&alias=red-c7123.unl.edu&noUDP&sock=slot1_44_4067655_acbb_26253>
...
040 (17208253.165.000) 2022-11-15 02:28:47 Finished transferring input files
...
001 (17208253.165.000) 2022-11-15 02:28:48 Job executing on host: <129.93.183.21:9618?addrs=129.93.183.21-9618+[2600-900-6-1102-20a-f7ff-fed2-3e0]-9618&alias=red-c7123.unl.edu&noUDP&sock=startd_4067621_4118>
...
006 (17208253.165.000) 2022-11-15 02:28:58 Image size of job updated: 112
	112  -  MemoryUsage of job (MB)
	115000  -  ResidentSetSize of job (KB)
...
006 (17208253.165.000) 2022-11-15 02:34:00 Image size of job updated: 2244
	2244  -  MemoryUsage of job (MB)
	2298344  -  ResidentSetSize of job (KB)
...
006 (17208253.165.000) 2022-11-15 02:39:00 Image size of job updated: 2309
	2309  -  MemoryUsage of job (MB)
	2364472  -  ResidentSetSize of job (KB)
...
004 (17208253.165.000) 2022-11-15 04:25:35 Job was evicted.
	(0) CPU times
		Usr 0 00:00:00, Sys 0 00:00:00  -  Run Remote Usage
		Usr 0 00:00:00, Sys 0 00:00:00  -  Run Local Usage
	0  -  Run Bytes Sent By Job
	5215473  -  Run Bytes Received By Job
	Partitionable Resources :     Usage  Request Allocated 
	   Cpus                 :      0.00        1         1 
	   Disk (KB)            : 115446        7500    890656 
	   Memory (MB)          :   2309        4000      4000 
...
009 (17208253.165.000) 2022-11-15 04:25:35 Job was aborted.
	via condor_rm (by user ekauffma)
...
