000 (17208253.136.000) 2022-11-15 02:19:32 Job submitted from host: <129.93.239.166:9618?addrs=129.93.239.166-9618+[2600-900-6-1101-290-faff-feb8-f318]-9618&alias=t3.unl.edu&noUDP&sock=schedd_3341289_ea7d>
...
040 (17208253.136.000) 2022-11-15 02:28:46 Started transferring input files
	Transferring to host: <129.93.183.20:9618?addrs=129.93.183.20-9618+[2600-900-6-1102-20a-f7ff-fec8-7820]-9618&alias=red-c7122.unl.edu&noUDP&sock=slot1_11_2964816_d4ec_38628>
...
040 (17208253.136.000) 2022-11-15 02:28:46 Finished transferring input files
...
001 (17208253.136.000) 2022-11-15 02:28:47 Job executing on host: <129.93.183.20:9618?addrs=129.93.183.20-9618+[2600-900-6-1102-20a-f7ff-fec8-7820]-9618&alias=red-c7122.unl.edu&noUDP&sock=startd_2964781_be9c>
...
006 (17208253.136.000) 2022-11-15 02:28:58 Image size of job updated: 80
	80  -  MemoryUsage of job (MB)
	82616  -  ResidentSetSize of job (KB)
...
006 (17208253.136.000) 2022-11-15 02:33:58 Image size of job updated: 2370
	2370  -  MemoryUsage of job (MB)
	2427312  -  ResidentSetSize of job (KB)
...
004 (17208253.136.000) 2022-11-15 04:25:35 Job was evicted.
	(0) CPU times
		Usr 0 00:00:00, Sys 0 00:00:00  -  Run Remote Usage
		Usr 0 00:00:00, Sys 0 00:00:00  -  Run Local Usage
	0  -  Run Bytes Sent By Job
	5215473  -  Run Bytes Received By Job
	Partitionable Resources :     Usage  Request Allocated 
	   Cpus                 :      0.00        1         1 
	   Disk (KB)            : 122006        7500    882917 
	   Memory (MB)          :   2370        4000      4000 
...
009 (17208253.136.000) 2022-11-15 04:25:35 Job was aborted.
	via condor_rm (by user ekauffma)
...
