000 (17208253.222.000) 2022-11-15 02:19:33 Job submitted from host: <129.93.239.166:9618?addrs=129.93.239.166-9618+[2600-900-6-1101-290-faff-feb8-f318]-9618&alias=t3.unl.edu&noUDP&sock=schedd_3341289_ea7d>
...
040 (17208253.222.000) 2022-11-15 02:28:51 Started transferring input files
	Transferring to host: <129.93.183.23:9618?addrs=129.93.183.23-9618+[2600-900-6-1102-20a-f7ff-fed1-f080]-9618&alias=red-c7125.unl.edu&noUDP&sock=slot1_42_2850049_1911_30867>
...
040 (17208253.222.000) 2022-11-15 02:28:52 Finished transferring input files
...
001 (17208253.222.000) 2022-11-15 02:28:53 Job executing on host: <129.93.183.23:9618?addrs=129.93.183.23-9618+[2600-900-6-1102-20a-f7ff-fed1-f080]-9618&alias=red-c7125.unl.edu&noUDP&sock=startd_2850014_20e4>
...
006 (17208253.222.000) 2022-11-15 02:29:01 Image size of job updated: 246
	246  -  MemoryUsage of job (MB)
	252300  -  ResidentSetSize of job (KB)
...
006 (17208253.222.000) 2022-11-15 02:34:02 Image size of job updated: 1945
	1945  -  MemoryUsage of job (MB)
	1992676  -  ResidentSetSize of job (KB)
...
004 (17208253.222.000) 2022-11-15 04:25:34 Job was evicted.
	(0) CPU times
		Usr 0 00:00:00, Sys 0 00:00:00  -  Run Remote Usage
		Usr 0 00:00:00, Sys 0 00:00:00  -  Run Local Usage
	0  -  Run Bytes Sent By Job
	5215473  -  Run Bytes Received By Job
	Partitionable Resources :     Usage  Request Allocated 
	   Cpus                 :      0.00        1         1 
	   Disk (KB)            : 150051        7500    862644 
	   Memory (MB)          :   1945        4000      4000 
...
009 (17208253.222.000) 2022-11-15 04:25:34 Job was aborted.
	via condor_rm (by user ekauffma)
...
