000 (17208253.124.000) 2022-11-15 02:19:32 Job submitted from host: <129.93.239.166:9618?addrs=129.93.239.166-9618+[2600-900-6-1101-290-faff-feb8-f318]-9618&alias=t3.unl.edu&noUDP&sock=schedd_3341289_ea7d>
...
040 (17208253.124.000) 2022-11-15 02:28:45 Started transferring input files
	Transferring to host: <129.93.183.22:9618?addrs=129.93.183.22-9618+[2600-900-6-1102-20a-f7ff-fec4-a3f0]-9618&alias=red-c7124.unl.edu&noUDP&sock=slot1_38_4176994_e439_73159>
...
040 (17208253.124.000) 2022-11-15 02:28:46 Finished transferring input files
...
001 (17208253.124.000) 2022-11-15 02:28:46 Job executing on host: <129.93.183.22:9618?addrs=129.93.183.22-9618+[2600-900-6-1102-20a-f7ff-fec4-a3f0]-9618&alias=red-c7124.unl.edu&noUDP&sock=startd_4176959_0726>
...
006 (17208253.124.000) 2022-11-15 02:28:57 Image size of job updated: 151
	151  -  MemoryUsage of job (MB)
	154676  -  ResidentSetSize of job (KB)
...
006 (17208253.124.000) 2022-11-15 02:33:57 Image size of job updated: 2257
	2257  -  MemoryUsage of job (MB)
	2312112  -  ResidentSetSize of job (KB)
...
004 (17208253.124.000) 2022-11-15 04:25:36 Job was evicted.
	(0) CPU times
		Usr 0 00:00:00, Sys 0 00:00:00  -  Run Remote Usage
		Usr 0 00:00:00, Sys 0 00:00:00  -  Run Local Usage
	0  -  Run Bytes Sent By Job
	5215473  -  Run Bytes Received By Job
	Partitionable Resources :     Usage  Request Allocated 
	   Cpus                 :      0.00        1         1 
	   Disk (KB)            : 115588        7500    874250 
	   Memory (MB)          :   2257        4000      4000 
...
009 (17208253.124.000) 2022-11-15 04:25:36 Job was aborted.
	via condor_rm (by user ekauffma)
...
