000 (17208253.122.000) 2022-11-15 02:19:32 Job submitted from host: <129.93.239.166:9618?addrs=129.93.239.166-9618+[2600-900-6-1101-290-faff-feb8-f318]-9618&alias=t3.unl.edu&noUDP&sock=schedd_3341289_ea7d>
...
040 (17208253.122.000) 2022-11-15 02:28:45 Started transferring input files
	Transferring to host: <129.93.183.22:9618?addrs=129.93.183.22-9618+[2600-900-6-1102-20a-f7ff-fec4-a3f0]-9618&alias=red-c7124.unl.edu&noUDP&sock=slot1_40_4176994_e439_73158>
...
040 (17208253.122.000) 2022-11-15 02:28:45 Finished transferring input files
...
001 (17208253.122.000) 2022-11-15 02:28:46 Job executing on host: <129.93.183.22:9618?addrs=129.93.183.22-9618+[2600-900-6-1102-20a-f7ff-fec4-a3f0]-9618&alias=red-c7124.unl.edu&noUDP&sock=startd_4176959_0726>
...
006 (17208253.122.000) 2022-11-15 02:28:56 Image size of job updated: 201
	201  -  MemoryUsage of job (MB)
	206328  -  ResidentSetSize of job (KB)
...
006 (17208253.122.000) 2022-11-15 02:33:57 Image size of job updated: 2718
	2718  -  MemoryUsage of job (MB)
	2783404  -  ResidentSetSize of job (KB)
...
006 (17208253.122.000) 2022-11-15 02:38:58 Image size of job updated: 2808
	2808  -  MemoryUsage of job (MB)
	2876248  -  ResidentSetSize of job (KB)
...
004 (17208253.122.000) 2022-11-15 04:25:33 Job was evicted.
	(0) CPU times
		Usr 0 00:00:00, Sys 0 00:00:00  -  Run Remote Usage
		Usr 0 00:00:00, Sys 0 00:00:00  -  Run Local Usage
	0  -  Run Bytes Sent By Job
	5215473  -  Run Bytes Received By Job
	Partitionable Resources :     Usage  Request Allocated 
	   Cpus                 :      0.00        1         1 
	   Disk (KB)            : 115578        7500    874250 
	   Memory (MB)          :   2808        4000      4000 
...
009 (17208253.122.000) 2022-11-15 04:25:33 Job was aborted.
	via condor_rm (by user ekauffma)
...
