000 (17208253.161.000) 2022-11-15 02:19:32 Job submitted from host: <129.93.239.166:9618?addrs=129.93.239.166-9618+[2600-900-6-1101-290-faff-feb8-f318]-9618&alias=t3.unl.edu&noUDP&sock=schedd_3341289_ea7d>
...
040 (17208253.161.000) 2022-11-15 02:28:47 Started transferring input files
	Transferring to host: <129.93.183.22:9618?addrs=129.93.183.22-9618+[2600-900-6-1102-20a-f7ff-fec4-a3f0]-9618&alias=red-c7124.unl.edu&noUDP&sock=slot1_3_4176994_e439_73170>
...
040 (17208253.161.000) 2022-11-15 02:28:47 Finished transferring input files
...
001 (17208253.161.000) 2022-11-15 02:28:48 Job executing on host: <129.93.183.22:9618?addrs=129.93.183.22-9618+[2600-900-6-1102-20a-f7ff-fec4-a3f0]-9618&alias=red-c7124.unl.edu&noUDP&sock=startd_4176959_0726>
...
006 (17208253.161.000) 2022-11-15 02:28:58 Image size of job updated: 257
	257  -  MemoryUsage of job (MB)
	263632  -  ResidentSetSize of job (KB)
...
006 (17208253.161.000) 2022-11-15 02:33:59 Image size of job updated: 2430
	2430  -  MemoryUsage of job (MB)
	2488632  -  ResidentSetSize of job (KB)
...
006 (17208253.161.000) 2022-11-15 02:39:00 Image size of job updated: 2458
	2458  -  MemoryUsage of job (MB)
	2517372  -  ResidentSetSize of job (KB)
...
004 (17208253.161.000) 2022-11-15 04:25:36 Job was evicted.
	(0) CPU times
		Usr 0 00:00:00, Sys 0 00:00:00  -  Run Remote Usage
		Usr 0 00:00:00, Sys 0 00:00:00  -  Run Local Usage
	0  -  Run Bytes Sent By Job
	5215473  -  Run Bytes Received By Job
	Partitionable Resources :     Usage  Request Allocated 
	   Cpus                 :      0.00        1         1 
	   Disk (KB)            : 116108        7500    874250 
	   Memory (MB)          :   2458        4000      4000 
...
009 (17208253.161.000) 2022-11-15 04:25:36 Job was aborted.
	via condor_rm (by user ekauffma)
...
