000 (17208253.151.000) 2022-11-15 02:19:32 Job submitted from host: <129.93.239.166:9618?addrs=129.93.239.166-9618+[2600-900-6-1101-290-faff-feb8-f318]-9618&alias=t3.unl.edu&noUDP&sock=schedd_3341289_ea7d>
...
040 (17208253.151.000) 2022-11-15 02:28:46 Started transferring input files
	Transferring to host: <129.93.183.21:9618?addrs=129.93.183.21-9618+[2600-900-6-1102-20a-f7ff-fed2-3e0]-9618&alias=red-c7123.unl.edu&noUDP&sock=slot1_36_4067655_acbb_26249>
...
040 (17208253.151.000) 2022-11-15 02:28:47 Finished transferring input files
...
001 (17208253.151.000) 2022-11-15 02:28:48 Job executing on host: <129.93.183.21:9618?addrs=129.93.183.21-9618+[2600-900-6-1102-20a-f7ff-fed2-3e0]-9618&alias=red-c7123.unl.edu&noUDP&sock=startd_4067621_4118>
...
006 (17208253.151.000) 2022-11-15 02:28:58 Image size of job updated: 174
	174  -  MemoryUsage of job (MB)
	178900  -  ResidentSetSize of job (KB)
...
006 (17208253.151.000) 2022-11-15 02:34:00 Image size of job updated: 2158
	2158  -  MemoryUsage of job (MB)
	2210248  -  ResidentSetSize of job (KB)
...
006 (17208253.151.000) 2022-11-15 02:44:01 Image size of job updated: 2292
	2292  -  MemoryUsage of job (MB)
	2347480  -  ResidentSetSize of job (KB)
...
004 (17208253.151.000) 2022-11-15 04:25:36 Job was evicted.
	(0) CPU times
		Usr 0 00:00:00, Sys 0 00:00:00  -  Run Remote Usage
		Usr 0 00:00:00, Sys 0 00:00:00  -  Run Local Usage
	0  -  Run Bytes Sent By Job
	5215473  -  Run Bytes Received By Job
	Partitionable Resources :     Usage  Request Allocated 
	   Cpus                 :      0.00        1         1 
	   Disk (KB)            : 116337        7500    890656 
	   Memory (MB)          :   2292        4000      4000 
...
009 (17208253.151.000) 2022-11-15 04:25:37 Job was aborted.
	via condor_rm (by user ekauffma)
...
