000 (17208253.013.000) 2022-11-15 02:19:32 Job submitted from host: <129.93.239.166:9618?addrs=129.93.239.166-9618+[2600-900-6-1101-290-faff-feb8-f318]-9618&alias=t3.unl.edu&noUDP&sock=schedd_3341289_ea7d>
...
040 (17208253.013.000) 2022-11-15 02:28:40 Started transferring input files
	Transferring to host: <129.93.183.23:9618?addrs=129.93.183.23-9618+[2600-900-6-1102-20a-f7ff-fed1-f080]-9618&alias=red-c7125.unl.edu&noUDP&sock=slot1_9_2850049_1911_30851>
...
040 (17208253.013.000) 2022-11-15 02:28:41 Finished transferring input files
...
001 (17208253.013.000) 2022-11-15 02:28:42 Job executing on host: <129.93.183.23:9618?addrs=129.93.183.23-9618+[2600-900-6-1102-20a-f7ff-fed1-f080]-9618&alias=red-c7125.unl.edu&noUDP&sock=startd_2850014_20e4>
...
006 (17208253.013.000) 2022-11-15 02:28:50 Image size of job updated: 27
	27  -  MemoryUsage of job (MB)
	28204  -  ResidentSetSize of job (KB)
...
006 (17208253.013.000) 2022-11-15 02:33:50 Image size of job updated: 2557
	2557  -  MemoryUsage of job (MB)
	2619008  -  ResidentSetSize of job (KB)
...
040 (17208253.013.000) 2022-11-15 04:09:41 Started transferring output files
...
040 (17208253.013.000) 2022-11-15 04:09:42 Finished transferring output files
...
005 (17208253.013.000) 2022-11-15 04:09:43 Job terminated.
	(1) Normal termination (return value 2)
		Usr 0 01:40:01, Sys 0 00:03:00  -  Run Remote Usage
		Usr 0 00:00:00, Sys 0 00:00:00  -  Run Local Usage
		Usr 0 01:40:01, Sys 0 00:03:00  -  Total Remote Usage
		Usr 0 00:00:00, Sys 0 00:00:00  -  Total Local Usage
	70916112  -  Run Bytes Sent By Job
	5215473  -  Run Bytes Received By Job
	70916112  -  Total Bytes Sent By Job
	5215473  -  Total Bytes Received By Job
	Partitionable Resources :     Usage  Request Allocated 
	   Cpus                 :      0.00        1         1 
	   Disk (KB)            : 154967        7500    862644 
	   Memory (MB)          :   2557        4000      4000 

	Job terminated of its own accord at 2022-11-15T10:09:41Z.
...
