000 (17208278.080.000) 2022-11-15 04:16:30 Job submitted from host: <129.93.239.166:9618?addrs=129.93.239.166-9618+[2600-900-6-1101-290-faff-feb8-f318]-9618&alias=t3.unl.edu&noUDP&sock=schedd_3341289_ea7d>
...
040 (17208278.080.000) 2022-11-15 04:26:24 Started transferring input files
	Transferring to host: <129.93.183.24:9618?addrs=129.93.183.24-9618+[2600-900-6-1102-20a-f7ff-fed1-fe80]-9618&alias=red-c7126.unl.edu&noUDP&sock=slot1_30_1243994_0f54_17134>
...
040 (17208278.080.000) 2022-11-15 04:26:24 Finished transferring input files
...
001 (17208278.080.000) 2022-11-15 04:26:25 Job executing on host: <129.93.183.24:9618?addrs=129.93.183.24-9618+[2600-900-6-1102-20a-f7ff-fed1-fe80]-9618&alias=red-c7126.unl.edu&noUDP&sock=startd_1243942_52e5>
...
006 (17208278.080.000) 2022-11-15 04:26:34 Image size of job updated: 61
	61  -  MemoryUsage of job (MB)
	63360  -  ResidentSetSize of job (KB)
...
006 (17208278.080.000) 2022-11-15 04:31:34 Image size of job updated: 2365
	2365  -  MemoryUsage of job (MB)
	2422220  -  ResidentSetSize of job (KB)
...
006 (17208278.080.000) 2022-11-15 07:01:47 Image size of job updated: 2377
	2377  -  MemoryUsage of job (MB)
	2434984  -  ResidentSetSize of job (KB)
...
006 (17208278.080.000) 2022-11-15 07:06:48 Image size of job updated: 2427
	2427  -  MemoryUsage of job (MB)
	2486124  -  ResidentSetSize of job (KB)
...
006 (17208278.080.000) 2022-11-15 07:11:48 Image size of job updated: 2430
	2430  -  MemoryUsage of job (MB)
	2488816  -  ResidentSetSize of job (KB)
...
006 (17208278.080.000) 2022-11-15 07:16:48 Image size of job updated: 2449
	2449  -  MemoryUsage of job (MB)
	2508116  -  ResidentSetSize of job (KB)
...
