000 (17208278.011.000) 2022-11-15 04:16:29 Job submitted from host: <129.93.239.166:9618?addrs=129.93.239.166-9618+[2600-900-6-1101-290-faff-feb8-f318]-9618&alias=t3.unl.edu&noUDP&sock=schedd_3341289_ea7d>
...
040 (17208278.011.000) 2022-11-15 04:26:22 Started transferring input files
	Transferring to host: <129.93.183.23:9618?addrs=129.93.183.23-9618+[2600-900-6-1102-20a-f7ff-fed1-f080]-9618&alias=red-c7125.unl.edu&noUDP&sock=slot1_29_2850049_1911_30895>
...
040 (17208278.011.000) 2022-11-15 04:26:22 Finished transferring input files
...
001 (17208278.011.000) 2022-11-15 04:26:23 Job executing on host: <129.93.183.23:9618?addrs=129.93.183.23-9618+[2600-900-6-1102-20a-f7ff-fed1-f080]-9618&alias=red-c7125.unl.edu&noUDP&sock=startd_2850014_20e4>
...
006 (17208278.011.000) 2022-11-15 04:26:32 Image size of job updated: 193
	193  -  MemoryUsage of job (MB)
	198476  -  ResidentSetSize of job (KB)
...
006 (17208278.011.000) 2022-11-15 04:31:32 Image size of job updated: 2275
	2275  -  MemoryUsage of job (MB)
	2329684  -  ResidentSetSize of job (KB)
...
006 (17208278.011.000) 2022-11-15 07:21:47 Image size of job updated: 2401
	2401  -  MemoryUsage of job (MB)
	2459632  -  ResidentSetSize of job (KB)
...
006 (17208278.011.000) 2022-11-15 07:26:47 Image size of job updated: 2462
	2462  -  MemoryUsage of job (MB)
	2521696  -  ResidentSetSize of job (KB)
...
006 (17208278.011.000) 2022-11-15 07:31:49 Image size of job updated: 2492
	2492  -  MemoryUsage of job (MB)
	2552400  -  ResidentSetSize of job (KB)
...
006 (17208278.011.000) 2022-11-15 07:36:49 Image size of job updated: 2514
	2514  -  MemoryUsage of job (MB)
	2574816  -  ResidentSetSize of job (KB)
...
