000 (17208278.083.000) 2022-11-15 04:16:30 Job submitted from host: <129.93.239.166:9618?addrs=129.93.239.166-9618+[2600-900-6-1101-290-faff-feb8-f318]-9618&alias=t3.unl.edu&noUDP&sock=schedd_3341289_ea7d>
...
040 (17208278.083.000) 2022-11-15 04:26:24 Started transferring input files
	Transferring to host: <129.93.183.20:9618?addrs=129.93.183.20-9618+[2600-900-6-1102-20a-f7ff-fec8-7820]-9618&alias=red-c7122.unl.edu&noUDP&sock=slot1_16_2964816_d4ec_38716>
...
040 (17208278.083.000) 2022-11-15 04:26:24 Finished transferring input files
...
001 (17208278.083.000) 2022-11-15 04:26:25 Job executing on host: <129.93.183.20:9618?addrs=129.93.183.20-9618+[2600-900-6-1102-20a-f7ff-fec8-7820]-9618&alias=red-c7122.unl.edu&noUDP&sock=startd_2964781_be9c>
...
006 (17208278.083.000) 2022-11-15 04:26:34 Image size of job updated: 164
	164  -  MemoryUsage of job (MB)
	168684  -  ResidentSetSize of job (KB)
...
006 (17208278.083.000) 2022-11-15 04:31:35 Image size of job updated: 2446
	2446  -  MemoryUsage of job (MB)
	2505108  -  ResidentSetSize of job (KB)
...
040 (17208278.083.000) 2022-11-15 07:38:49 Started transferring output files
...
040 (17208278.083.000) 2022-11-15 07:38:50 Finished transferring output files
...
005 (17208278.083.000) 2022-11-15 07:38:53 Job terminated.
	(1) Normal termination (return value 2)
		Usr 0 03:01:31, Sys 0 00:03:40  -  Run Remote Usage
		Usr 0 00:00:00, Sys 0 00:00:00  -  Run Local Usage
		Usr 0 03:01:31, Sys 0 00:03:40  -  Total Remote Usage
		Usr 0 00:00:00, Sys 0 00:00:00  -  Total Local Usage
	67182808  -  Run Bytes Sent By Job
	5215469  -  Run Bytes Received By Job
	67182808  -  Total Bytes Sent By Job
	5215469  -  Total Bytes Received By Job
	Partitionable Resources :     Usage  Request Allocated 
	   Cpus                 :      0.01        1         1 
	   Disk (KB)            : 151317        7500    882917 
	   Memory (MB)          :   2446        4000      4000 

	Job terminated of its own accord at 2022-11-15T13:38:49Z.
...
