000 (17205534.000.000) 2022-11-09 16:23:02 Job submitted from host: <129.93.239.166:9618?addrs=129.93.239.166-9618+[2600-900-6-1101-290-faff-feb8-f318]-9618&alias=t3.unl.edu&noUDP&sock=schedd_3341289_ea7d>
...
040 (17205534.000.000) 2022-11-09 16:23:17 Started transferring input files
	Transferring to host: <129.93.183.23:9618?addrs=129.93.183.23-9618+[2600-900-6-1102-20a-f7ff-fed1-f080]-9618&alias=red-c7125.unl.edu&noUDP&sock=slot1_17_2850049_1911_10968>
...
001 (17205534.000.000) 2022-11-09 16:23:17 Job executing on host: <129.93.183.23:9618?addrs=129.93.183.23-9618+[2600-900-6-1102-20a-f7ff-fed1-f080]-9618&alias=red-c7125.unl.edu&noUDP&sock=startd_2850014_20e4>
...
040 (17205534.000.000) 2022-11-09 16:23:17 Finished transferring input files
...
006 (17205534.000.000) 2022-11-09 16:23:25 Image size of job updated: 323
	323  -  MemoryUsage of job (MB)
	331212  -  ResidentSetSize of job (KB)
...
006 (17205534.000.000) 2022-11-09 16:28:26 Image size of job updated: 2748
	2748  -  MemoryUsage of job (MB)
	2814720  -  ResidentSetSize of job (KB)
...
040 (17205534.000.000) 2022-11-09 18:00:38 Started transferring output files
...
040 (17205534.000.000) 2022-11-09 18:00:39 Finished transferring output files
...
005 (17205534.000.000) 2022-11-09 18:00:41 Job terminated.
	(1) Normal termination (return value 0)
		Usr 0 01:36:20, Sys 0 00:02:07  -  Run Remote Usage
		Usr 0 00:00:00, Sys 0 00:00:00  -  Run Local Usage
		Usr 0 01:36:20, Sys 0 00:02:07  -  Total Remote Usage
		Usr 0 00:00:00, Sys 0 00:00:00  -  Total Local Usage
	43994848  -  Run Bytes Sent By Job
	11657  -  Run Bytes Received By Job
	43994848  -  Total Bytes Sent By Job
	11657  -  Total Bytes Received By Job
	Partitionable Resources :     Usage  Request Allocated 
	   Cpus                 :      0.00        1         1 
	   Disk (KB)            : 123597          15    862644 
	   Memory (MB)          :   2748        4000      4000 

	Job terminated of its own accord at 2022-11-10T00:00:38Z.
...
