000 (17205530.000.000) 2022-11-09 16:06:40 Job submitted from host: <129.93.239.166:9618?addrs=129.93.239.166-9618+[2600-900-6-1101-290-faff-feb8-f318]-9618&alias=t3.unl.edu&noUDP&sock=schedd_3341289_ea7d>
...
040 (17205530.000.000) 2022-11-09 16:06:57 Started transferring input files
	Transferring to host: <129.93.183.23:9618?addrs=129.93.183.23-9618+[2600-900-6-1102-20a-f7ff-fed1-f080]-9618&alias=red-c7125.unl.edu&noUDP&sock=slot1_13_2850049_1911_10553>
...
001 (17205530.000.000) 2022-11-09 16:06:57 Job executing on host: <129.93.183.23:9618?addrs=129.93.183.23-9618+[2600-900-6-1102-20a-f7ff-fed1-f080]-9618&alias=red-c7125.unl.edu&noUDP&sock=startd_2850014_20e4>
...
040 (17205530.000.000) 2022-11-09 16:06:57 Finished transferring input files
...
006 (17205530.000.000) 2022-11-09 16:07:06 Image size of job updated: 273
	273  -  MemoryUsage of job (MB)
	280288  -  ResidentSetSize of job (KB)
...
006 (17205530.000.000) 2022-11-09 16:12:06 Image size of job updated: 2873
	2873  -  MemoryUsage of job (MB)
	2942876  -  ResidentSetSize of job (KB)
...
040 (17205530.000.000) 2022-11-09 18:02:46 Started transferring output files
...
040 (17205530.000.000) 2022-11-09 18:02:47 Finished transferring output files
...
005 (17205530.000.000) 2022-11-09 18:02:49 Job terminated.
	(1) Normal termination (return value 0)
		Usr 0 01:53:48, Sys 0 00:02:01  -  Run Remote Usage
		Usr 0 00:00:00, Sys 0 00:00:00  -  Run Local Usage
		Usr 0 01:53:48, Sys 0 00:02:01  -  Total Remote Usage
		Usr 0 00:00:00, Sys 0 00:00:00  -  Total Local Usage
	46432696  -  Run Bytes Sent By Job
	11591  -  Run Bytes Received By Job
	46432696  -  Total Bytes Sent By Job
	11591  -  Total Bytes Received By Job
	Partitionable Resources :     Usage  Request Allocated 
	   Cpus                 :      0.00        1         1 
	   Disk (KB)            : 125976          15    862644 
	   Memory (MB)          :   2873        4000      4000 

	Job terminated of its own accord at 2022-11-10T00:02:46Z.
...
