000 (17204888.000.000) 2022-11-08 06:10:22 Job submitted from host: <129.93.239.166:9618?addrs=129.93.239.166-9618+[2600-900-6-1101-290-faff-feb8-f318]-9618&alias=t3.unl.edu&noUDP&sock=schedd_3341289_ea7d>
...
040 (17204888.000.000) 2022-11-08 06:10:26 Started transferring input files
	Transferring to host: <129.93.183.20:9618?addrs=129.93.183.20-9618+[2600-900-6-1102-20a-f7ff-fec8-7820]-9618&alias=red-c7122.unl.edu&noUDP&sock=slot1_17_2964816_d4ec_29347>
...
040 (17204888.000.000) 2022-11-08 06:10:26 Finished transferring input files
...
001 (17204888.000.000) 2022-11-08 06:10:27 Job executing on host: <129.93.183.20:9618?addrs=129.93.183.20-9618+[2600-900-6-1102-20a-f7ff-fec8-7820]-9618&alias=red-c7122.unl.edu&noUDP&sock=startd_2964781_be9c>
...
006 (17204888.000.000) 2022-11-08 06:10:36 Image size of job updated: 190
	190  -  MemoryUsage of job (MB)
	195204  -  ResidentSetSize of job (KB)
...
006 (17204888.000.000) 2022-11-08 06:13:04 Image size of job updated: 2678
	2678  -  MemoryUsage of job (MB)
	2743076  -  ResidentSetSize of job (KB)
...
040 (17204888.000.000) 2022-11-08 06:13:04 Started transferring output files
...
040 (17204888.000.000) 2022-11-08 06:13:04 Finished transferring output files
...
005 (17204888.000.000) 2022-11-08 06:13:07 Job terminated.
	(1) Normal termination (return value 0)
		Usr 0 00:06:05, Sys 0 00:00:44  -  Run Remote Usage
		Usr 0 00:00:00, Sys 0 00:00:00  -  Run Local Usage
		Usr 0 00:06:05, Sys 0 00:00:44  -  Total Remote Usage
		Usr 0 00:00:00, Sys 0 00:00:00  -  Total Local Usage
	37764  -  Run Bytes Sent By Job
	10360  -  Run Bytes Received By Job
	37764  -  Total Bytes Sent By Job
	10360  -  Total Bytes Received By Job
	Partitionable Resources :    Usage  Request Allocated 
	   Cpus                 :     0.01        1         1 
	   Disk (KB)            : 80658          12    882917 
	   Memory (MB)          :  2678        4000      4000 

	Job terminated of its own accord at 2022-11-08T12:13:04Z.
...
