000 (17205532.000.000) 2022-11-09 16:12:39 Job submitted from host: <129.93.239.166:9618?addrs=129.93.239.166-9618+[2600-900-6-1101-290-faff-feb8-f318]-9618&alias=t3.unl.edu&noUDP&sock=schedd_3341289_ea7d>
...
040 (17205532.000.000) 2022-11-09 16:12:44 Started transferring input files
	Transferring to host: <129.93.183.23:9618?addrs=129.93.183.23-9618+[2600-900-6-1102-20a-f7ff-fed1-f080]-9618&alias=red-c7125.unl.edu&noUDP&sock=slot1_15_2850049_1911_10688>
...
001 (17205532.000.000) 2022-11-09 16:12:44 Job executing on host: <129.93.183.23:9618?addrs=129.93.183.23-9618+[2600-900-6-1102-20a-f7ff-fed1-f080]-9618&alias=red-c7125.unl.edu&noUDP&sock=startd_2850014_20e4>
...
040 (17205532.000.000) 2022-11-09 16:12:44 Finished transferring input files
...
006 (17205532.000.000) 2022-11-09 16:12:52 Image size of job updated: 70
	70  -  MemoryUsage of job (MB)
	71916  -  ResidentSetSize of job (KB)
...
006 (17205532.000.000) 2022-11-09 16:17:52 Image size of job updated: 2853
	2853  -  MemoryUsage of job (MB)
	2921512  -  ResidentSetSize of job (KB)
...
040 (17205532.000.000) 2022-11-09 18:05:59 Started transferring output files
...
040 (17205532.000.000) 2022-11-09 18:05:59 Finished transferring output files
...
005 (17205532.000.000) 2022-11-09 18:06:02 Job terminated.
	(1) Normal termination (return value 0)
		Usr 0 01:16:12, Sys 0 00:02:07  -  Run Remote Usage
		Usr 0 00:00:00, Sys 0 00:00:00  -  Run Local Usage
		Usr 0 01:16:12, Sys 0 00:02:07  -  Total Remote Usage
		Usr 0 00:00:00, Sys 0 00:00:00  -  Total Local Usage
	37147276  -  Run Bytes Sent By Job
	11691  -  Run Bytes Received By Job
	37147276  -  Total Bytes Sent By Job
	11691  -  Total Bytes Received By Job
	Partitionable Resources :    Usage  Request Allocated 
	   Cpus                 :        0        1         1 
	   Disk (KB)            :   116914       15    862644 
	   Memory (MB)          :     2853     4000      4000 

	Job terminated of its own accord at 2022-11-10T00:05:59Z.
...
