000 (17205349.000.000) 2022-11-09 06:10:24 Job submitted from host: <129.93.239.166:9618?addrs=129.93.239.166-9618+[2600-900-6-1101-290-faff-feb8-f318]-9618&alias=t3.unl.edu&noUDP&sock=schedd_3341289_ea7d>
...
040 (17205349.000.000) 2022-11-09 06:10:45 Started transferring input files
	Transferring to host: <129.93.183.25:9618?addrs=129.93.183.25-9618+[2600-900-6-1102-20a-f7ff-fed1-f0b0]-9618&alias=red-c7127.unl.edu&noUDP&sock=slot1_14_31406_1e36_43740>
...
040 (17205349.000.000) 2022-11-09 06:10:45 Finished transferring input files
...
001 (17205349.000.000) 2022-11-09 06:10:45 Job executing on host: <129.93.183.25:9618?addrs=129.93.183.25-9618+[2600-900-6-1102-20a-f7ff-fed1-f0b0]-9618&alias=red-c7127.unl.edu&noUDP&sock=startd_31372_293b>
...
006 (17205349.000.000) 2022-11-09 06:10:53 Image size of job updated: 57
	57  -  MemoryUsage of job (MB)
	59076  -  ResidentSetSize of job (KB)
...
006 (17205349.000.000) 2022-11-09 06:15:53 Image size of job updated: 2617
	2617  -  MemoryUsage of job (MB)
	2680144  -  ResidentSetSize of job (KB)
...
040 (17205349.000.000) 2022-11-09 07:24:09 Started transferring output files
...
040 (17205349.000.000) 2022-11-09 07:24:10 Finished transferring output files
...
005 (17205349.000.000) 2022-11-09 07:24:12 Job terminated.
	(1) Normal termination (return value 0)
		Usr 0 01:01:49, Sys 0 00:02:15  -  Run Remote Usage
		Usr 0 00:00:00, Sys 0 00:00:00  -  Run Local Usage
		Usr 0 01:01:49, Sys 0 00:02:15  -  Total Remote Usage
		Usr 0 00:00:00, Sys 0 00:00:00  -  Total Local Usage
	34741916  -  Run Bytes Sent By Job
	11389  -  Run Bytes Received By Job
	34741916  -  Total Bytes Sent By Job
	11389  -  Total Bytes Received By Job
	Partitionable Resources :     Usage  Request Allocated 
	   Cpus                 :      0.00        1         1 
	   Disk (KB)            : 114559          15    811941 
	   Memory (MB)          :   2617        4000      4000 

	Job terminated of its own accord at 2022-11-09T13:24:09Z.
...
