000 (17205533.000.000) 2022-11-09 16:17:45 Job submitted from host: <129.93.239.166:9618?addrs=129.93.239.166-9618+[2600-900-6-1101-290-faff-feb8-f318]-9618&alias=t3.unl.edu&noUDP&sock=schedd_3341289_ea7d>
...
040 (17205533.000.000) 2022-11-09 16:17:57 Started transferring input files
	Transferring to host: <129.93.183.23:9618?addrs=129.93.183.23-9618+[2600-900-6-1102-20a-f7ff-fed1-f080]-9618&alias=red-c7125.unl.edu&noUDP&sock=slot1_16_2850049_1911_10834>
...
001 (17205533.000.000) 2022-11-09 16:17:57 Job executing on host: <129.93.183.23:9618?addrs=129.93.183.23-9618+[2600-900-6-1102-20a-f7ff-fed1-f080]-9618&alias=red-c7125.unl.edu&noUDP&sock=startd_2850014_20e4>
...
040 (17205533.000.000) 2022-11-09 16:17:57 Finished transferring input files
...
006 (17205533.000.000) 2022-11-09 16:18:06 Image size of job updated: 306
	306  -  MemoryUsage of job (MB)
	314324  -  ResidentSetSize of job (KB)
...
006 (17205533.000.000) 2022-11-09 16:23:06 Image size of job updated: 2662
	2662  -  MemoryUsage of job (MB)
	2726252  -  ResidentSetSize of job (KB)
...
040 (17205533.000.000) 2022-11-09 17:01:04 Started transferring output files
...
040 (17205533.000.000) 2022-11-09 17:01:05 Finished transferring output files
...
005 (17205533.000.000) 2022-11-09 17:01:06 Job terminated.
	(1) Normal termination (return value 0)
		Usr 0 00:00:00, Sys 0 00:00:00  -  Run Remote Usage
		Usr 0 00:00:00, Sys 0 00:00:00  -  Run Local Usage
		Usr 0 00:41:14, Sys 0 00:01:39  -  Total Remote Usage
		Usr 0 00:00:00, Sys 0 00:00:00  -  Total Local Usage
	23650728  -  Run Bytes Sent By Job
	11603  -  Run Bytes Received By Job
	23650728  -  Total Bytes Sent By Job
	11603  -  Total Bytes Received By Job
	Partitionable Resources :    Usage  Request Allocated 
	   Cpus                 :        0        1         1 
	   Disk (KB)            :   103730       15    862644 
	   Memory (MB)          :     2662     4000      4000 

	Job terminated of its own accord at 2022-11-09T23:01:04Z.
...
