000 (17205531.000.000) 2022-11-09 16:08:29 Job submitted from host: <129.93.239.166:9618?addrs=129.93.239.166-9618+[2600-900-6-1101-290-faff-feb8-f318]-9618&alias=t3.unl.edu&noUDP&sock=schedd_3341289_ea7d>
...
040 (17205531.000.000) 2022-11-09 16:08:39 Started transferring input files
	Transferring to host: <129.93.183.23:9618?addrs=129.93.183.23-9618+[2600-900-6-1102-20a-f7ff-fed1-f080]-9618&alias=red-c7125.unl.edu&noUDP&sock=slot1_14_2850049_1911_10588>
...
001 (17205531.000.000) 2022-11-09 16:08:39 Job executing on host: <129.93.183.23:9618?addrs=129.93.183.23-9618+[2600-900-6-1102-20a-f7ff-fed1-f080]-9618&alias=red-c7125.unl.edu&noUDP&sock=startd_2850014_20e4>
...
040 (17205531.000.000) 2022-11-09 16:08:39 Finished transferring input files
...
006 (17205531.000.000) 2022-11-09 16:08:48 Image size of job updated: 63
	63  -  MemoryUsage of job (MB)
	64572  -  ResidentSetSize of job (KB)
...
006 (17205531.000.000) 2022-11-09 16:13:48 Image size of job updated: 2768
	2768  -  MemoryUsage of job (MB)
	2835320  -  ResidentSetSize of job (KB)
...
040 (17205531.000.000) 2022-11-09 17:33:51 Started transferring output files
...
040 (17205531.000.000) 2022-11-09 17:33:52 Finished transferring output files
...
005 (17205531.000.000) 2022-11-09 17:33:53 Job terminated.
	(1) Normal termination (return value 0)
		Usr 0 01:06:27, Sys 0 00:01:52  -  Run Remote Usage
		Usr 0 00:00:00, Sys 0 00:00:00  -  Run Local Usage
		Usr 0 01:06:27, Sys 0 00:01:52  -  Total Remote Usage
		Usr 0 00:00:00, Sys 0 00:00:00  -  Total Local Usage
	31908084  -  Run Bytes Sent By Job
	11662  -  Run Bytes Received By Job
	31908084  -  Total Bytes Sent By Job
	11662  -  Total Bytes Received By Job
	Partitionable Resources :     Usage  Request Allocated 
	   Cpus                 :      0.00        1         1 
	   Disk (KB)            : 111788          15    862644 
	   Memory (MB)          :   2768        4000      4000 

	Job terminated of its own accord at 2022-11-09T23:33:51Z.
...
