000 (17207183.001.000) 2022-11-10 04:55:33 Job submitted from host: <129.93.239.166:9618?addrs=129.93.239.166-9618+[2600-900-6-1101-290-faff-feb8-f318]-9618&alias=t3.unl.edu&noUDP&sock=schedd_3341289_ea7d>
...
040 (17207183.001.000) 2022-11-10 04:55:40 Started transferring input files
	Transferring to host: <129.93.183.23:9618?addrs=129.93.183.23-9618+[2600-900-6-1102-20a-f7ff-fed1-f080]-9618&alias=red-c7125.unl.edu&noUDP&sock=slot1_28_2850049_1911_21152>
...
040 (17207183.001.000) 2022-11-10 04:55:40 Finished transferring input files
...
001 (17207183.001.000) 2022-11-10 04:55:41 Job executing on host: <129.93.183.23:9618?addrs=129.93.183.23-9618+[2600-900-6-1102-20a-f7ff-fed1-f080]-9618&alias=red-c7125.unl.edu&noUDP&sock=startd_2850014_20e4>
...
006 (17207183.001.000) 2022-11-10 04:55:50 Image size of job updated: 323
	323  -  MemoryUsage of job (MB)
	331176  -  ResidentSetSize of job (KB)
...
006 (17207183.001.000) 2022-11-10 05:00:51 Image size of job updated: 2648
	2648  -  MemoryUsage of job (MB)
	2712016  -  ResidentSetSize of job (KB)
...
040 (17207183.001.000) 2022-11-10 06:55:13 Started transferring output files
...
040 (17207183.001.000) 2022-11-10 06:55:14 Finished transferring output files
...
005 (17207183.001.000) 2022-11-10 06:55:15 Job terminated.
	(1) Normal termination (return value 0)
		Usr 0 01:55:52, Sys 0 00:02:51  -  Run Remote Usage
		Usr 0 00:00:00, Sys 0 00:00:00  -  Run Local Usage
		Usr 0 01:55:52, Sys 0 00:02:51  -  Total Remote Usage
		Usr 0 00:00:00, Sys 0 00:00:00  -  Total Local Usage
	52571072  -  Run Bytes Sent By Job
	5142742  -  Run Bytes Received By Job
	52571072  -  Total Bytes Sent By Job
	5142742  -  Total Bytes Received By Job
	Partitionable Resources :     Usage  Request Allocated 
	   Cpus                 :      0.00        1         1 
	   Disk (KB)            : 136985        7500    862644 
	   Memory (MB)          :   2648        4000      4000 

	Job terminated of its own accord at 2022-11-10T12:55:13Z.
...
