000 (17207908.000.000) 2022-11-11 04:26:41 Job submitted from host: <129.93.239.166:9618?addrs=129.93.239.166-9618+[2600-900-6-1101-290-faff-feb8-f318]-9618&alias=t3.unl.edu&noUDP&sock=schedd_3341289_ea7d>
...
040 (17207908.000.000) 2022-11-11 04:26:54 Started transferring input files
	Transferring to host: <129.93.183.22:9618?addrs=129.93.183.22-9618+[2600-900-6-1102-20a-f7ff-fec4-a3f0]-9618&alias=red-c7124.unl.edu&noUDP&sock=slot1_9_4176994_e439_71770>
...
040 (17207908.000.000) 2022-11-11 04:26:54 Finished transferring input files
...
001 (17207908.000.000) 2022-11-11 04:26:55 Job executing on host: <129.93.183.22:9618?addrs=129.93.183.22-9618+[2600-900-6-1102-20a-f7ff-fec4-a3f0]-9618&alias=red-c7124.unl.edu&noUDP&sock=startd_4176959_0726>
...
006 (17207908.000.000) 2022-11-11 04:27:04 Image size of job updated: 214
	214  -  MemoryUsage of job (MB)
	219196  -  ResidentSetSize of job (KB)
...
006 (17207908.000.000) 2022-11-11 04:32:05 Image size of job updated: 2765
	2765  -  MemoryUsage of job (MB)
	2832260  -  ResidentSetSize of job (KB)
...
040 (17207908.000.000) 2022-11-11 06:29:41 Started transferring output files
...
040 (17207908.000.000) 2022-11-11 06:29:42 Finished transferring output files
...
005 (17207908.000.000) 2022-11-11 06:29:43 Job terminated.
	(1) Normal termination (return value 2)
		Usr 0 00:00:00, Sys 0 00:00:00  -  Run Remote Usage
		Usr 0 00:00:00, Sys 0 00:00:00  -  Run Local Usage
		Usr 0 01:39:26, Sys 0 00:02:20  -  Total Remote Usage
		Usr 0 00:00:00, Sys 0 00:00:00  -  Total Local Usage
	50799292  -  Run Bytes Sent By Job
	5143076  -  Run Bytes Received By Job
	50799292  -  Total Bytes Sent By Job
	5143076  -  Total Bytes Received By Job
	Partitionable Resources :     Usage  Request Allocated 
	   Cpus                 :      0.01        1         1 
	   Disk (KB)            : 135256        7500    874250 
	   Memory (MB)          :   2765        4000      4000 

	Job terminated of its own accord at 2022-11-11T12:29:41Z.
...
