000 (17207907.000.000) 2022-11-11 04:20:54 Job submitted from host: <129.93.239.166:9618?addrs=129.93.239.166-9618+[2600-900-6-1101-290-faff-feb8-f318]-9618&alias=t3.unl.edu&noUDP&sock=schedd_3341289_ea7d>
...
040 (17207907.000.000) 2022-11-11 04:21:12 Started transferring input files
	Transferring to host: <129.93.183.22:9618?addrs=129.93.183.22-9618+[2600-900-6-1102-20a-f7ff-fec4-a3f0]-9618&alias=red-c7124.unl.edu&noUDP&sock=slot1_9_4176994_e439_71753>
...
040 (17207907.000.000) 2022-11-11 04:21:12 Finished transferring input files
...
001 (17207907.000.000) 2022-11-11 04:21:13 Job executing on host: <129.93.183.22:9618?addrs=129.93.183.22-9618+[2600-900-6-1102-20a-f7ff-fec4-a3f0]-9618&alias=red-c7124.unl.edu&noUDP&sock=startd_4176959_0726>
...
006 (17207907.000.000) 2022-11-11 04:21:22 Image size of job updated: 2
	2  -  MemoryUsage of job (MB)
	2392  -  ResidentSetSize of job (KB)
...
006 (17207907.000.000) 2022-11-11 04:24:11 Image size of job updated: 2038
	2038  -  MemoryUsage of job (MB)
	2087068  -  ResidentSetSize of job (KB)
...
040 (17207907.000.000) 2022-11-11 04:24:11 Started transferring output files
...
040 (17207907.000.000) 2022-11-11 04:24:11 Finished transferring output files
...
005 (17207907.000.000) 2022-11-11 04:24:13 Job terminated.
	(1) Normal termination (return value 2)
		Usr 0 00:06:39, Sys 0 00:00:47  -  Run Remote Usage
		Usr 0 00:00:00, Sys 0 00:00:00  -  Run Local Usage
		Usr 0 00:06:39, Sys 0 00:00:47  -  Total Remote Usage
		Usr 0 00:00:00, Sys 0 00:00:00  -  Total Local Usage
	39997  -  Run Bytes Sent By Job
	5143074  -  Run Bytes Received By Job
	39997  -  Total Bytes Sent By Job
	5143074  -  Total Bytes Received By Job
	Partitionable Resources :    Usage  Request Allocated 
	   Cpus                 :     0.01        1         1 
	   Disk (KB)            : 85678        7500    874250 
	   Memory (MB)          :  2038        4000      4000 

	Job terminated of its own accord at 2022-11-11T10:24:11Z.
...
