000 (17207182.000.000) 2022-11-10 04:47:41 Job submitted from host: <129.93.239.166:9618?addrs=129.93.239.166-9618+[2600-900-6-1101-290-faff-feb8-f318]-9618&alias=t3.unl.edu&noUDP&sock=schedd_3341289_ea7d>
...
040 (17207182.000.000) 2022-11-10 04:47:47 Started transferring input files
	Transferring to host: <129.93.183.23:9618?addrs=129.93.183.23-9618+[2600-900-6-1102-20a-f7ff-fed1-f080]-9618&alias=red-c7125.unl.edu&noUDP&sock=slot1_30_2850049_1911_20945>
...
040 (17207182.000.000) 2022-11-10 04:47:47 Finished transferring input files
...
001 (17207182.000.000) 2022-11-10 04:47:48 Job executing on host: <129.93.183.23:9618?addrs=129.93.183.23-9618+[2600-900-6-1102-20a-f7ff-fed1-f080]-9618&alias=red-c7125.unl.edu&noUDP&sock=startd_2850014_20e4>
...
006 (17207182.000.000) 2022-11-10 04:47:57 Image size of job updated: 46
	46  -  MemoryUsage of job (MB)
	47112  -  ResidentSetSize of job (KB)
...
006 (17207182.000.000) 2022-11-10 04:50:10 Image size of job updated: 2616
	2616  -  MemoryUsage of job (MB)
	2679092  -  ResidentSetSize of job (KB)
...
040 (17207182.000.000) 2022-11-10 04:50:11 Started transferring output files
...
040 (17207182.000.000) 2022-11-10 04:50:11 Finished transferring output files
...
005 (17207182.000.000) 2022-11-10 04:50:13 Job terminated.
	(1) Normal termination (return value 0)
		Usr 0 00:07:05, Sys 0 00:00:48  -  Run Remote Usage
		Usr 0 00:00:00, Sys 0 00:00:00  -  Run Local Usage
		Usr 0 00:07:05, Sys 0 00:00:48  -  Total Remote Usage
		Usr 0 00:00:00, Sys 0 00:00:00  -  Total Local Usage
	39542  -  Run Bytes Sent By Job
	5142731  -  Run Bytes Received By Job
	39542  -  Total Bytes Sent By Job
	5142731  -  Total Bytes Received By Job
	Partitionable Resources :    Usage  Request Allocated 
	   Cpus                 :     0.05        1         1 
	   Disk (KB)            : 85681        7500    862644 
	   Memory (MB)          :  2616        4000      4000 

	Job terminated of its own accord at 2022-11-10T10:50:10Z.
...
