000 (17207181.002.000) 2022-11-10 04:46:13 Job submitted from host: <129.93.239.166:9618?addrs=129.93.239.166-9618+[2600-900-6-1101-290-faff-feb8-f318]-9618&alias=t3.unl.edu&noUDP&sock=schedd_3341289_ea7d>
...
040 (17207181.002.000) 2022-11-10 04:46:24 Started transferring input files
	Transferring to host: <129.93.183.23:9618?addrs=129.93.183.23-9618+[2600-900-6-1102-20a-f7ff-fed1-f080]-9618&alias=red-c7125.unl.edu&noUDP&sock=slot1_29_2850049_1911_20900>
...
040 (17207181.002.000) 2022-11-10 04:46:24 Finished transferring input files
...
001 (17207181.002.000) 2022-11-10 04:46:25 Job executing on host: <129.93.183.23:9618?addrs=129.93.183.23-9618+[2600-900-6-1102-20a-f7ff-fed1-f080]-9618&alias=red-c7125.unl.edu&noUDP&sock=startd_2850014_20e4>
...
006 (17207181.002.000) 2022-11-10 04:46:34 Image size of job updated: 157
	157  -  MemoryUsage of job (MB)
	161348  -  ResidentSetSize of job (KB)
...
006 (17207181.002.000) 2022-11-10 04:48:46 Image size of job updated: 2669
	2669  -  MemoryUsage of job (MB)
	2733980  -  ResidentSetSize of job (KB)
...
004 (17207181.002.000) 2022-11-10 04:48:46 Job was evicted.
	(0) CPU times
		Usr 0 00:07:07, Sys 0 00:00:51  -  Run Remote Usage
		Usr 0 00:00:00, Sys 0 00:00:00  -  Run Local Usage
	0  -  Run Bytes Sent By Job
	5143726  -  Run Bytes Received By Job
	Partitionable Resources :    Usage  Request Allocated 
	   Cpus                 :        0        1         1 
	   Disk (KB)            :    85686     7500    862644 
	   Memory (MB)          :     2669     4000      4000 
...
009 (17207181.002.000) 2022-11-10 04:48:46 Job was aborted.
	via condor_rm (by user ekauffma)
...
